0 info it worked if it ends with ok
1 verbose cli [ 'C:\\Program Files\\nodejs\\\\node.exe',
1 verbose cli   'C:\\Program Files\\nodejs\\node_modules\\npm\\bin\\npm-cli.js',
1 verbose cli   'install',
1 verbose cli   'mongoose' ]
2 info using npm@2.11.3
3 info using node@v0.12.7
4 verbose install initial load of C:\ReachTarget\package.json
5 warn package.json ReachTarget@1.0.0 No description
6 warn package.json ReachTarget@1.0.0 No repository field.
7 verbose installManyTop reading scoped package data from C:\ReachTarget\node_modules\body-parser\package.json
8 verbose installManyTop reading scoped package data from C:\ReachTarget\node_modules\cookie-parser\package.json
9 verbose installManyTop reading scoped package data from C:\ReachTarget\node_modules\express\package.json
10 verbose installManyTop reading scoped package data from C:\ReachTarget\node_modules\express-load\package.json
11 verbose installManyTop reading scoped package data from C:\ReachTarget\node_modules\google-adwords\package.json
12 verbose installManyTop reading scoped package data from C:\ReachTarget\node_modules\googleapis\package.json
13 verbose installManyTop reading scoped package data from C:\ReachTarget\node_modules\mailchimp-api\package.json
14 verbose installManyTop reading scoped package data from C:\ReachTarget\node_modules\method-override\package.json
15 verbose installManyTop reading scoped package data from C:\ReachTarget\node_modules\mongodb\package.json
16 verbose installManyTop reading scoped package data from C:\ReachTarget\node_modules\node-schedule\package.json
17 verbose installManyTop reading scoped package data from C:\ReachTarget\node_modules\nodemailer\package.json
18 verbose installManyTop reading scoped package data from C:\ReachTarget\node_modules\readline\package.json
19 verbose installManyTop reading scoped package data from C:\ReachTarget\node_modules\request\package.json
20 info package.json cookie-parser@1.3.4 No license field.
21 info package.json express-load@1.1.14 No license field.
22 info package.json mailchimp-api@2.0.7 No license field.
23 info package.json readline@0.0.7 readline is also the name of a node core module.
24 info package.json readline@0.0.7 license should be a valid SPDX license expression
25 info package.json mongodb@2.0.28 license should be a valid SPDX license expression
26 info package.json node-schedule@0.2.9 No license field.
27 verbose readDependencies loading dependencies from C:\ReachTarget\package.json
28 silly cache add args [ 'mongoose@^4.0.2', null ]
29 verbose cache add spec mongoose@^4.0.2
30 silly cache add parsed spec { raw: 'mongoose@^4.0.2',
30 silly cache add   scope: null,
30 silly cache add   name: 'mongoose',
30 silly cache add   rawSpec: '^4.0.2',
30 silly cache add   spec: '>=4.0.2 <5.0.0',
30 silly cache add   type: 'range' }
31 silly addNamed mongoose@>=4.0.2 <5.0.0
32 verbose addNamed ">=4.0.2 <5.0.0" is a valid semver range for mongoose
33 silly addNameRange { name: 'mongoose', range: '>=4.0.2 <5.0.0', hasData: false }
34 silly mapToRegistry name mongoose
35 silly mapToRegistry using default registry
36 silly mapToRegistry registry https://registry.npmjs.org/
37 silly mapToRegistry uri https://registry.npmjs.org/mongoose
38 verbose addNameRange registry:https://registry.npmjs.org/mongoose not in flight; fetching
39 verbose request uri https://registry.npmjs.org/mongoose
40 verbose request no auth needed
41 info attempt registry request try #1 at 15:37:48
42 verbose request id bcb94656b663c3fc
43 verbose etag "EHF1F74GB7CLU9EMFLQ85GWGO"
44 http request GET https://registry.npmjs.org/mongoose
45 info retry will retry, error on last attempt: Error: getaddrinfo ENOTFOUND registry.npmjs.org
46 info attempt registry request try #2 at 15:38:10
47 verbose etag "EHF1F74GB7CLU9EMFLQ85GWGO"
48 http request GET https://registry.npmjs.org/mongoose
49 info retry will retry, error on last attempt: Error: getaddrinfo ENOTFOUND registry.npmjs.org
50 info attempt registry request try #3 at 15:39:22
51 verbose etag "EHF1F74GB7CLU9EMFLQ85GWGO"
52 http request GET https://registry.npmjs.org/mongoose
53 silly get cb [ 304, undefined ]
54 verbose etag https://registry.npmjs.org/mongoose from cache
55 verbose get saving mongoose to C:\Users\Henrique Machado\AppData\Roaming\npm-cache\registry.npmjs.org\mongoose\.cache.json
56 silly addNameRange number 2 { name: 'mongoose', range: '>=4.0.2 <5.0.0', hasData: true }
57 silly addNameRange versions [ 'mongoose',
57 silly addNameRange   [ '0.0.1',
57 silly addNameRange     '0.0.2',
57 silly addNameRange     '0.0.3',
57 silly addNameRange     '0.0.4',
57 silly addNameRange     '0.0.5',
57 silly addNameRange     '1.0.0',
57 silly addNameRange     '1.0.1',
57 silly addNameRange     '1.0.2',
57 silly addNameRange     '0.0.6',
57 silly addNameRange     '1.0.3',
57 silly addNameRange     '1.0.4',
57 silly addNameRange     '1.0.5',
57 silly addNameRange     '1.0.6',
57 silly addNameRange     '1.0.7',
57 silly addNameRange     '1.0.8',
57 silly addNameRange     '1.0.10',
57 silly addNameRange     '1.0.11',
57 silly addNameRange     '1.0.12',
57 silly addNameRange     '1.0.13',
57 silly addNameRange     '1.0.14',
57 silly addNameRange     '1.0.15',
57 silly addNameRange     '1.0.16',
57 silly addNameRange     '1.1.0',
57 silly addNameRange     '1.1.1',
57 silly addNameRange     '1.1.2',
57 silly addNameRange     '1.1.3',
57 silly addNameRange     '1.1.4',
57 silly addNameRange     '1.1.5',
57 silly addNameRange     '1.1.6',
57 silly addNameRange     '1.1.7',
57 silly addNameRange     '1.1.8',
57 silly addNameRange     '1.1.9',
57 silly addNameRange     '1.1.10',
57 silly addNameRange     '1.1.11',
57 silly addNameRange     '1.1.12',
57 silly addNameRange     '1.1.13',
57 silly addNameRange     '1.1.14',
57 silly addNameRange     '1.1.15',
57 silly addNameRange     '1.1.16',
57 silly addNameRange     '1.1.17',
57 silly addNameRange     '1.1.18',
57 silly addNameRange     '1.1.19',
57 silly addNameRange     '1.1.20',
57 silly addNameRange     '1.1.21',
57 silly addNameRange     '1.1.22',
57 silly addNameRange     '1.1.23',
57 silly addNameRange     '1.1.24',
57 silly addNameRange     '1.1.25',
57 silly addNameRange     '1.2.0',
57 silly addNameRange     '1.3.0',
57 silly addNameRange     '1.3.1',
57 silly addNameRange     '1.3.2',
57 silly addNameRange     '1.3.3',
57 silly addNameRange     '1.3.4',
57 silly addNameRange     '1.3.5',
57 silly addNameRange     '1.3.6',
57 silly addNameRange     '1.3.7',
57 silly addNameRange     '1.4.0',
57 silly addNameRange     '1.5.0',
57 silly addNameRange     '1.6.0',
57 silly addNameRange     '1.7.2',
57 silly addNameRange     '1.7.3',
57 silly addNameRange     '1.7.4',
57 silly addNameRange     '1.8.0',
57 silly addNameRange     '1.8.1',
57 silly addNameRange     '1.8.2',
57 silly addNameRange     '1.8.3',
57 silly addNameRange     '1.8.4',
57 silly addNameRange     '2.0.0',
57 silly addNameRange     '2.0.1',
57 silly addNameRange     '2.0.2',
57 silly addNameRange     '2.0.3',
57 silly addNameRange     '2.0.4',
57 silly addNameRange     '2.1.0',
57 silly addNameRange     '2.1.1',
57 silly addNameRange     '2.1.2',
57 silly addNameRange     '2.1.3',
57 silly addNameRange     '2.1.4',
57 silly addNameRange     '2.2.0',
57 silly addNameRange     '2.2.1',
57 silly addNameRange     '2.2.2',
57 silly addNameRange     '2.2.3',
57 silly addNameRange     '2.2.4',
57 silly addNameRange     '2.3.0',
57 silly addNameRange     '2.3.1',
57 silly addNameRange     '2.3.2',
57 silly addNameRange     '2.3.3',
57 silly addNameRange     '2.3.4',
57 silly addNameRange     '2.3.5',
57 silly addNameRange     '2.3.6',
57 silly addNameRange     '2.3.7',
57 silly addNameRange     '2.3.8',
57 silly addNameRange     '2.3.9',
57 silly addNameRange     '2.3.10',
57 silly addNameRange     '2.3.11',
57 silly addNameRange     '2.3.12',
57 silly addNameRange     '2.3.13',
57 silly addNameRange     '2.4.0',
57 silly addNameRange     '2.4.1',
57 silly addNameRange     '2.4.2',
57 silly addNameRange     '2.4.3',
57 silly addNameRange     '2.4.4',
57 silly addNameRange     '2.4.5',
57 silly addNameRange     '2.4.6',
57 silly addNameRange     '2.4.7',
57 silly addNameRange     '2.4.8',
57 silly addNameRange     '2.4.9',
57 silly addNameRange     '2.4.10',
57 silly addNameRange     '2.5.0',
57 silly addNameRange     '2.5.1',
57 silly addNameRange     '2.5.2',
57 silly addNameRange     '2.5.3',
57 silly addNameRange     '2.5.4',
57 silly addNameRange     '2.5.5',
57 silly addNameRange     '2.5.6',
57 silly addNameRange     '2.5.7',
57 silly addNameRange     '2.5.8',
57 silly addNameRange     '2.5.9',
57 silly addNameRange     '2.5.10',
57 silly addNameRange     '2.5.11',
57 silly addNameRange     '2.5.12',
57 silly addNameRange     '2.5.13',
57 silly addNameRange     '2.5.14',
57 silly addNameRange     '2.6.0',
57 silly addNameRange     '2.6.1',
57 silly addNameRange     '2.6.2',
57 silly addNameRange     '2.6.3',
57 silly addNameRange     '2.6.4',
57 silly addNameRange     '2.6.5',
57 silly addNameRange     '2.6.6',
57 silly addNameRange     '2.6.7',
57 silly addNameRange     '2.6.8',
57 silly addNameRange     '2.7.0',
57 silly addNameRange     '2.7.1',
57 silly addNameRange     '2.7.2',
57 silly addNameRange     '2.7.4',
57 silly addNameRange     '2.7.3',
57 silly addNameRange     '3.0.0',
57 silly addNameRange     '3.0.1',
57 silly addNameRange     '3.0.2',
57 silly addNameRange     '2.8.0',
57 silly addNameRange     '3.0.3',
57 silly addNameRange     '3.1.0',
57 silly addNameRange     '2.8.1',
57 silly addNameRange     '3.1.1',
57 silly addNameRange     '2.8.2',
57 silly addNameRange     '2.8.3',
57 silly addNameRange     '2.9.0',
57 silly addNameRange     '3.2.0',
57 silly addNameRange     '2.9.1',
57 silly addNameRange     '3.2.1',
57 silly addNameRange     '2.9.2',
57 silly addNameRange     '3.2.2',
57 silly addNameRange     '3.3.0',
57 silly addNameRange     '3.3.1',
57 silly addNameRange     '2.9.3',
57 silly addNameRange     '3.4.0',
57 silly addNameRange     '2.9.4',
57 silly addNameRange     '2.9.5',
57 silly addNameRange     '3.5.0',
57 silly addNameRange     '3.5.1',
57 silly addNameRange     '3.5.2',
57 silly addNameRange     '3.5.3',
57 silly addNameRange     '2.9.6',
57 silly addNameRange     '2.9.7',
57 silly addNameRange     '3.5.4',
57 silly addNameRange     '3.5.5',
57 silly addNameRange     '2.9.8',
57 silly addNameRange     '2.9.9',
57 silly addNameRange     '3.5.6',
57 silly addNameRange     '3.5.7',
57 silly addNameRange     '3.5.8',
57 silly addNameRange     '2.9.10',
57 silly addNameRange     '3.5.9',
57 silly addNameRange     '3.6.2',
57 silly addNameRange     '3.5.10',
57 silly addNameRange     '3.6.3',
57 silly addNameRange     '3.5.11',
57 silly addNameRange     '3.6.4',
57 silly addNameRange     '3.6.5',
57 silly addNameRange     '3.6.6',
57 silly addNameRange     '3.6.7',
57 silly addNameRange     '3.5.12',
57 silly addNameRange     '3.6.8',
57 silly addNameRange     '3.6.9',
57 silly addNameRange     '3.6.10',
57 silly addNameRange     '3.5.13',
57 silly addNameRange     '3.5.14',
57 silly addNameRange     '3.6.11',
57 silly addNameRange     '3.6.12',
57 silly addNameRange     '3.6.13',
57 silly addNameRange     '3.6.14',
57 silly addNameRange     '3.6.15',
57 silly addNameRange     '3.5.15',
57 silly addNameRange     '3.7.0',
57 silly addNameRange     '3.6.16',
57 silly addNameRange     '3.5.16',
57 silly addNameRange     '3.6.17',
57 silly addNameRange     '3.7.2',
57 silly addNameRange     '3.0.0-alpha1',
57 silly addNameRange     '3.0.0-alpha2',
57 silly addNameRange     '3.0.0-rc0',
57 silly addNameRange     '3.6.0-rc0',
57 silly addNameRange     '3.6.0-rc1',
57 silly addNameRange     '3.6.18',
57 silly addNameRange     '3.7.3',
57 silly addNameRange     '3.6.19',
57 silly addNameRange     '3.6.20',
57 silly addNameRange     '3.7.4',
57 silly addNameRange     '3.8.0',
57 silly addNameRange     '3.8.1',
57 silly addNameRange     '3.8.2',
57 silly addNameRange     '3.8.3',
57 silly addNameRange     '3.8.4',
57 silly addNameRange     '3.8.5',
57 silly addNameRange     '3.8.6',
57 silly addNameRange     '3.8.7',
57 silly addNameRange     '3.8.8',
57 silly addNameRange     '3.8.9',
57 silly addNameRange     '3.8.10',
57 silly addNameRange     '3.8.11',
57 silly addNameRange     '3.9.0',
57 silly addNameRange     '3.8.12',
57 silly addNameRange     '3.8.13',
57 silly addNameRange     '3.8.14',
57 silly addNameRange     '3.8.15',
57 silly addNameRange     '3.9.1',
57 silly addNameRange     '3.8.16',
57 silly addNameRange     '3.9.2',
57 silly addNameRange     '3.8.17',
57 silly addNameRange     '3.9.3',
57 silly addNameRange     '3.8.18',
57 silly addNameRange     '3.9.4',
57 silly addNameRange     '3.8.19',
57 silly addNameRange     '3.9.5',
57 silly addNameRange     '3.8.20',
57 silly addNameRange     '3.9.6',
57 silly addNameRange     '3.8.21',
57 silly addNameRange     '3.9.7',
57 silly addNameRange     '3.8.22',
57 silly addNameRange     '4.0.0-rc0',
57 silly addNameRange     '4.0.0-rc1',
57 silly addNameRange     '3.8.23',
57 silly addNameRange     '4.0.0-rc2',
57 silly addNameRange     '3.8.24',
57 silly addNameRange     '4.0.0-rc3',
57 silly addNameRange     '3.8.25',
57 silly addNameRange     '4.0.0-rc4',
57 silly addNameRange     '4.0.0',
57 silly addNameRange     '4.0.1',
57 silly addNameRange     '3.8.26',
57 silly addNameRange     '3.8.27',
57 silly addNameRange     '4.0.2',
57 silly addNameRange     '3.8.28',
57 silly addNameRange     '4.0.3',
57 silly addNameRange     '3.8.29',
57 silly addNameRange     '4.0.4',
57 silly addNameRange     '3.8.30',
57 silly addNameRange     '4.0.5',
57 silly addNameRange     '3.8.31',
57 silly addNameRange     '4.0.6',
57 silly addNameRange     '3.8.33',
57 silly addNameRange     '4.0.7',
57 silly addNameRange     '3.8.34',
57 silly addNameRange     '4.0.8',
57 silly addNameRange     '4.1.0',
57 silly addNameRange     '4.1.1',
57 silly addNameRange     '4.1.2',
57 silly addNameRange     '3.8.35',
57 silly addNameRange     '4.1.3' ] ]
58 silly addNamed mongoose@4.1.3
59 verbose addNamed "4.1.3" is a plain semver version for mongoose
60 silly cache afterAdd mongoose@4.1.3
61 verbose afterAdd C:\Users\Henrique Machado\AppData\Roaming\npm-cache\mongoose\4.1.3\package\package.json not in flight; writing
62 verbose afterAdd C:\Users\Henrique Machado\AppData\Roaming\npm-cache\mongoose\4.1.3\package\package.json written
63 silly install resolved [ { name: 'mongoose',
63 silly install resolved     description: 'Mongoose MongoDB ODM',
63 silly install resolved     version: '4.1.3',
63 silly install resolved     author: { name: 'Guillermo Rauch', email: 'guillermo@learnboost.com' },
63 silly install resolved     keywords:
63 silly install resolved      [ 'mongodb',
63 silly install resolved        'document',
63 silly install resolved        'model',
63 silly install resolved        'schema',
63 silly install resolved        'database',
63 silly install resolved        'odm',
63 silly install resolved        'data',
63 silly install resolved        'datastore',
63 silly install resolved        'query',
63 silly install resolved        'nosql',
63 silly install resolved        'orm',
63 silly install resolved        'db' ],
63 silly install resolved     license: 'MIT',
63 silly install resolved     dependencies:
63 silly install resolved      { async: '0.9.0',
63 silly install resolved        bson: '~0.4',
63 silly install resolved        'hooks-fixed': '1.1.0',
63 silly install resolved        kareem: '1.0.1',
63 silly install resolved        mongodb: '2.0.40',
63 silly install resolved        mpath: '0.1.1',
63 silly install resolved        mpromise: '0.5.4',
63 silly install resolved        mquery: '1.6.1',
63 silly install resolved        ms: '0.1.0',
63 silly install resolved        muri: '1.0.0',
63 silly install resolved        'regexp-clone': '0.0.1',
63 silly install resolved        sliced: '0.0.5' },
63 silly install resolved     devDependencies:
63 silly install resolved      { acquit: '0.0.3',
63 silly install resolved        benchmark: '1.0.0',
63 silly install resolved        bluebird: '2.9.34',
63 silly install resolved        co: '3.1.0',
63 silly install resolved        dox: '0.3.1',
63 silly install resolved        eslint: '1.0.0',
63 silly install resolved        'highlight.js': '7.0.1',
63 silly install resolved        istanbul: '^0.3.13',
63 silly install resolved        jade: '0.26.3',
63 silly install resolved        markdown: '0.3.1',
63 silly install resolved        marked: '0.3.2',
63 silly install resolved        mocha: '1.20.0',
63 silly install resolved        'node-static': '0.5.9',
63 silly install resolved        open: '0.0.3',
63 silly install resolved        q: '1.4.1',
63 silly install resolved        tbd: '0.6.4',
63 silly install resolved        'uglify-js': '2.4.15',
63 silly install resolved        underscore: '1.5.2' },
63 silly install resolved     browserDependencies:
63 silly install resolved      { browserify: '4.1.10',
63 silly install resolved        karma: '0.12.16',
63 silly install resolved        'karma-chai': '0.1.0',
63 silly install resolved        'karma-mocha': '0.1.4',
63 silly install resolved        'karma-chrome-launcher': '0.1.4',
63 silly install resolved        'karma-sauce-launcher': '0.2.8' },
63 silly install resolved     directories: { lib: './lib/mongoose' },
63 silly install resolved     scripts:
63 silly install resolved      { 'install-browser': 'npm install `node format_deps.js`',
63 silly install resolved        test: 'set MONGOOSE_DISABLE_STABILITY_WARNING=1 && mocha --async-only test/*.test.js',
63 silly install resolved        'test-cov': 'set MONGOOSE_DISABLE_STABILITY_WARNING=1 && node_modules/.bin/istanbul cover node_modules/.bin/_mocha --async-only test/*.test.js' },
63 silly install resolved     main: './index.js',
63 silly install resolved     engines: { node: '>=0.6.19' },
63 silly install resolved     bugs:
63 silly install resolved      { url: 'https://github.com/Automattic/mongoose/issues/new',
63 silly install resolved        email: 'mongoose-orm@googlegroups.com' },
63 silly install resolved     repository: { type: 'git', url: 'git://github.com/Automattic/mongoose.git' },
63 silly install resolved     homepage: 'http://mongoosejs.com',
63 silly install resolved     browser: 'lib/browser.js',
63 silly install resolved     gitHead: '868f60259a6705c60badb7a3d67d6d48fc32f125',
63 silly install resolved     _id: 'mongoose@4.1.3',
63 silly install resolved     _shasum: 'a472345949a055ad1fd0c3f6f13b14bd551fa9c1',
63 silly install resolved     _from: 'mongoose@>=4.0.2 <5.0.0',
63 silly install resolved     _npmVersion: '2.7.4',
63 silly install resolved     _nodeVersion: '0.12.2',
63 silly install resolved     _npmUser: { name: 'vkarpov15', email: 'valkar207@gmail.com' },
63 silly install resolved     maintainers: [ [Object], [Object], [Object], [Object], [Object] ],
63 silly install resolved     dist:
63 silly install resolved      { shasum: 'a472345949a055ad1fd0c3f6f13b14bd551fa9c1',
63 silly install resolved        tarball: 'http://registry.npmjs.org/mongoose/-/mongoose-4.1.3.tgz' },
63 silly install resolved     _resolved: 'https://registry.npmjs.org/mongoose/-/mongoose-4.1.3.tgz',
63 silly install resolved     readme: 'ERROR: No README data found!' } ]
64 info install mongoose@4.1.3 into C:\ReachTarget
65 info installOne mongoose@4.1.3
66 verbose installOne of mongoose to C:\ReachTarget not in flight; installing
67 verbose lock using C:\Users\Henrique Machado\AppData\Roaming\npm-cache\_locks\mongoose-b45f398e3ab2a364.lock for C:\ReachTarget\node_modules\mongoose
68 silly install write writing mongoose 4.1.3 to C:\ReachTarget\node_modules\mongoose
69 verbose unbuild node_modules\mongoose
70 silly gentlyRm C:\ReachTarget\node_modules\mongoose is being purged from base C:\ReachTarget
71 verbose gentlyRm don't care about contents; nuking C:\ReachTarget\node_modules\mongoose
72 verbose tar unpack C:\Users\Henrique Machado\AppData\Roaming\npm-cache\mongoose\4.1.3\package.tgz
73 verbose tar unpacking to C:\ReachTarget\node_modules\mongoose
74 silly gentlyRm C:\ReachTarget\node_modules\mongoose is being purged
75 verbose gentlyRm don't care about contents; nuking C:\ReachTarget\node_modules\mongoose
76 silly gunzTarPerm modes [ '777', '666' ]
77 silly gunzTarPerm extractEntry package.json
78 silly gunzTarPerm modified mode [ 'package.json', 420, 438 ]
79 silly gunzTarPerm extractEntry .npmignore
80 silly gunzTarPerm modified mode [ '.npmignore', 420, 438 ]
81 silly gunzTarPerm extractEntry README.md
82 silly gunzTarPerm modified mode [ 'README.md', 420, 438 ]
83 silly gunzTarPerm extractEntry website.js
84 silly gunzTarPerm modified mode [ 'website.js', 420, 438 ]
85 silly gunzTarPerm extractEntry index.js
86 silly gunzTarPerm modified mode [ 'index.js', 420, 438 ]
87 silly gunzTarPerm extractEntry static.js
88 silly gunzTarPerm modified mode [ 'static.js', 420, 438 ]
89 silly gunzTarPerm extractEntry .eslintrc
90 silly gunzTarPerm modified mode [ '.eslintrc', 420, 438 ]
91 silly gunzTarPerm extractEntry contRun.sh
92 silly gunzTarPerm modified mode [ 'contRun.sh', 493, 511 ]
93 silly gunzTarPerm extractEntry .eslintignore
94 silly gunzTarPerm modified mode [ '.eslintignore', 420, 438 ]
95 silly gunzTarPerm extractEntry examples/README.md
96 silly gunzTarPerm modified mode [ 'examples/README.md', 420, 438 ]
97 silly gunzTarPerm extractEntry examples/doc-methods.js
98 silly gunzTarPerm modified mode [ 'examples/doc-methods.js', 420, 438 ]
99 silly gunzTarPerm extractEntry examples/statics/person.js
100 silly gunzTarPerm modified mode [ 'examples/statics/person.js', 420, 438 ]
101 silly gunzTarPerm extractEntry examples/statics/statics.js
102 silly gunzTarPerm modified mode [ 'examples/statics/statics.js', 420, 438 ]
103 silly gunzTarPerm extractEntry examples/express/README.md
104 silly gunzTarPerm modified mode [ 'examples/express/README.md', 420, 438 ]
105 silly gunzTarPerm extractEntry examples/express/connection-sharing/package.json
106 silly gunzTarPerm modified mode [ 'examples/express/connection-sharing/package.json', 420, 438 ]
107 silly gunzTarPerm extractEntry examples/express/connection-sharing/README.md
108 silly gunzTarPerm modified mode [ 'examples/express/connection-sharing/README.md', 420, 438 ]
109 silly gunzTarPerm extractEntry examples/express/connection-sharing/app.js
110 silly gunzTarPerm modified mode [ 'examples/express/connection-sharing/app.js', 420, 438 ]
111 silly gunzTarPerm extractEntry examples/express/connection-sharing/modelA.js
112 silly gunzTarPerm modified mode [ 'examples/express/connection-sharing/modelA.js', 420, 438 ]
113 silly gunzTarPerm extractEntry examples/express/connection-sharing/routes.js
114 silly gunzTarPerm modified mode [ 'examples/express/connection-sharing/routes.js', 420, 438 ]
115 silly gunzTarPerm extractEntry examples/geospatial/package.json
116 silly gunzTarPerm modified mode [ 'examples/geospatial/package.json', 420, 438 ]
117 silly gunzTarPerm extractEntry examples/geospatial/geoJSONSchema.js
118 silly gunzTarPerm modified mode [ 'examples/geospatial/geoJSONSchema.js', 420, 438 ]
119 silly gunzTarPerm extractEntry examples/geospatial/geoJSONexample.js
120 silly gunzTarPerm modified mode [ 'examples/geospatial/geoJSONexample.js', 420, 438 ]
121 silly gunzTarPerm extractEntry examples/geospatial/geospatial.js
122 silly gunzTarPerm modified mode [ 'examples/geospatial/geospatial.js', 420, 438 ]
123 silly gunzTarPerm extractEntry examples/geospatial/person.js
124 silly gunzTarPerm modified mode [ 'examples/geospatial/person.js', 420, 438 ]
125 silly gunzTarPerm extractEntry examples/globalschemas/gs_example.js
126 silly gunzTarPerm modified mode [ 'examples/globalschemas/gs_example.js', 420, 438 ]
127 silly gunzTarPerm extractEntry examples/globalschemas/person.js
128 silly gunzTarPerm modified mode [ 'examples/globalschemas/person.js', 420, 438 ]
129 silly gunzTarPerm extractEntry examples/lean/package.json
130 silly gunzTarPerm modified mode [ 'examples/lean/package.json', 420, 438 ]
131 silly gunzTarPerm extractEntry examples/lean/lean.js
132 silly gunzTarPerm modified mode [ 'examples/lean/lean.js', 420, 438 ]
133 silly gunzTarPerm extractEntry examples/lean/person.js
134 silly gunzTarPerm modified mode [ 'examples/lean/person.js', 420, 438 ]
135 silly gunzTarPerm extractEntry examples/aggregate/package.json
136 silly gunzTarPerm modified mode [ 'examples/aggregate/package.json', 420, 438 ]
137 silly gunzTarPerm extractEntry examples/aggregate/aggregate.js
138 silly gunzTarPerm modified mode [ 'examples/aggregate/aggregate.js', 420, 438 ]
139 silly gunzTarPerm extractEntry examples/aggregate/person.js
140 silly gunzTarPerm modified mode [ 'examples/aggregate/person.js', 420, 438 ]
141 silly gunzTarPerm extractEntry examples/population/population-across-three-collections.js
142 silly gunzTarPerm modified mode [ 'examples/population/population-across-three-collections.js',
142 silly gunzTarPerm   420,
142 silly gunzTarPerm   438 ]
143 silly gunzTarPerm extractEntry examples/population/population-basic.js
144 silly gunzTarPerm modified mode [ 'examples/population/population-basic.js', 420, 438 ]
145 silly gunzTarPerm extractEntry examples/population/population-of-existing-doc.js
146 silly gunzTarPerm modified mode [ 'examples/population/population-of-existing-doc.js', 420, 438 ]
147 silly gunzTarPerm extractEntry examples/population/population-of-multiple-existing-docs.js
148 silly gunzTarPerm modified mode [ 'examples/population/population-of-multiple-existing-docs.js',
148 silly gunzTarPerm   420,
148 silly gunzTarPerm   438 ]
149 silly gunzTarPerm extractEntry examples/population/population-options.js
150 silly gunzTarPerm modified mode [ 'examples/population/population-options.js', 420, 438 ]
151 silly gunzTarPerm extractEntry examples/population/population-plain-objects.js
152 silly gunzTarPerm modified mode [ 'examples/population/population-plain-objects.js', 420, 438 ]
153 silly gunzTarPerm extractEntry examples/promises/package.json
154 silly gunzTarPerm modified mode [ 'examples/promises/package.json', 420, 438 ]
155 silly gunzTarPerm extractEntry examples/promises/person.js
156 silly gunzTarPerm modified mode [ 'examples/promises/person.js', 420, 438 ]
157 silly gunzTarPerm extractEntry examples/promises/promise.js
158 silly gunzTarPerm modified mode [ 'examples/promises/promise.js', 420, 438 ]
159 silly gunzTarPerm extractEntry examples/querybuilder/package.json
160 silly gunzTarPerm modified mode [ 'examples/querybuilder/package.json', 420, 438 ]
161 silly gunzTarPerm extractEntry examples/querybuilder/person.js
162 silly gunzTarPerm modified mode [ 'examples/querybuilder/person.js', 420, 438 ]
163 silly gunzTarPerm extractEntry examples/querybuilder/querybuilder.js
164 silly gunzTarPerm modified mode [ 'examples/querybuilder/querybuilder.js', 420, 438 ]
165 silly gunzTarPerm extractEntry examples/replicasets/package.json
166 silly gunzTarPerm modified mode [ 'examples/replicasets/package.json', 420, 438 ]
167 silly gunzTarPerm extractEntry examples/replicasets/person.js
168 silly gunzTarPerm modified mode [ 'examples/replicasets/person.js', 420, 438 ]
169 silly gunzTarPerm extractEntry examples/replicasets/replica-sets.js
170 silly gunzTarPerm modified mode [ 'examples/replicasets/replica-sets.js', 420, 438 ]
171 silly gunzTarPerm extractEntry examples/schema/schema.js
172 silly gunzTarPerm modified mode [ 'examples/schema/schema.js', 420, 438 ]
173 silly gunzTarPerm extractEntry examples/schema/storing-schemas-as-json/index.js
174 silly gunzTarPerm modified mode [ 'examples/schema/storing-schemas-as-json/index.js', 420, 438 ]
175 silly gunzTarPerm extractEntry examples/schema/storing-schemas-as-json/schema.json
176 silly gunzTarPerm modified mode [ 'examples/schema/storing-schemas-as-json/schema.json',
176 silly gunzTarPerm   420,
176 silly gunzTarPerm   438 ]
177 silly gunzTarPerm extractEntry examples/mapreduce/package.json
178 silly gunzTarPerm modified mode [ 'examples/mapreduce/package.json', 420, 438 ]
179 silly gunzTarPerm extractEntry examples/mapreduce/mapreduce.js
180 silly gunzTarPerm modified mode [ 'examples/mapreduce/mapreduce.js', 420, 438 ]
181 silly gunzTarPerm extractEntry examples/mapreduce/person.js
182 silly gunzTarPerm modified mode [ 'examples/mapreduce/person.js', 420, 438 ]
183 silly gunzTarPerm extractEntry .travis.yml
184 silly gunzTarPerm modified mode [ '.travis.yml', 420, 438 ]
185 silly gunzTarPerm extractEntry lib/ES6Promise.js
186 silly gunzTarPerm modified mode [ 'lib/ES6Promise.js', 420, 438 ]
187 silly gunzTarPerm extractEntry lib/document.js
188 silly gunzTarPerm modified mode [ 'lib/document.js', 420, 438 ]
189 silly gunzTarPerm extractEntry lib/document_provider.js
190 silly gunzTarPerm modified mode [ 'lib/document_provider.js', 420, 438 ]
191 silly gunzTarPerm extractEntry lib/utils.js
192 silly gunzTarPerm modified mode [ 'lib/utils.js', 420, 438 ]
193 silly gunzTarPerm extractEntry lib/statemachine.js
194 silly gunzTarPerm modified mode [ 'lib/statemachine.js', 420, 438 ]
195 silly gunzTarPerm extractEntry lib/connectionstate.js
196 silly gunzTarPerm modified mode [ 'lib/connectionstate.js', 420, 438 ]
197 silly gunzTarPerm extractEntry lib/index.js
198 silly gunzTarPerm modified mode [ 'lib/index.js', 420, 438 ]
199 silly gunzTarPerm extractEntry lib/aggregate.js
200 silly gunzTarPerm modified mode [ 'lib/aggregate.js', 420, 438 ]
201 silly gunzTarPerm extractEntry lib/model.js
202 silly gunzTarPerm modified mode [ 'lib/model.js', 420, 438 ]
203 silly gunzTarPerm extractEntry lib/promise.js
204 silly gunzTarPerm modified mode [ 'lib/promise.js', 420, 438 ]
205 silly gunzTarPerm extractEntry lib/promise_provider.js
206 silly gunzTarPerm modified mode [ 'lib/promise_provider.js', 420, 438 ]
207 silly gunzTarPerm extractEntry lib/connection.js
208 silly gunzTarPerm modified mode [ 'lib/connection.js', 420, 438 ]
209 silly gunzTarPerm extractEntry lib/query.js
210 silly gunzTarPerm modified mode [ 'lib/query.js', 420, 438 ]
211 silly gunzTarPerm extractEntry lib/collection.js
212 silly gunzTarPerm modified mode [ 'lib/collection.js', 420, 438 ]
213 silly gunzTarPerm extractEntry lib/queryhelpers.js
214 silly gunzTarPerm modified mode [ 'lib/queryhelpers.js', 420, 438 ]
215 silly gunzTarPerm extractEntry lib/cast.js
216 silly gunzTarPerm modified mode [ 'lib/cast.js', 420, 438 ]
217 silly gunzTarPerm extractEntry lib/querystream.js
218 silly gunzTarPerm modified mode [ 'lib/querystream.js', 420, 438 ]
219 silly gunzTarPerm extractEntry lib/browserDocument.js
220 silly gunzTarPerm modified mode [ 'lib/browserDocument.js', 420, 438 ]
221 silly gunzTarPerm extractEntry lib/schematype.js
222 silly gunzTarPerm modified mode [ 'lib/schematype.js', 420, 438 ]
223 silly gunzTarPerm extractEntry lib/browser.js
224 silly gunzTarPerm modified mode [ 'lib/browser.js', 420, 438 ]
225 silly gunzTarPerm extractEntry lib/schema.js
226 silly gunzTarPerm modified mode [ 'lib/schema.js', 420, 438 ]
227 silly gunzTarPerm extractEntry lib/error.js
228 silly gunzTarPerm modified mode [ 'lib/error.js', 420, 438 ]
229 silly gunzTarPerm extractEntry lib/virtualtype.js
230 silly gunzTarPerm modified mode [ 'lib/virtualtype.js', 420, 438 ]
231 silly gunzTarPerm extractEntry lib/internal.js
232 silly gunzTarPerm modified mode [ 'lib/internal.js', 420, 438 ]
233 silly gunzTarPerm extractEntry lib/schema/array.js
234 silly gunzTarPerm modified mode [ 'lib/schema/array.js', 420, 438 ]
235 silly gunzTarPerm extractEntry lib/schema/boolean.js
236 silly gunzTarPerm modified mode [ 'lib/schema/boolean.js', 420, 438 ]
237 silly gunzTarPerm extractEntry lib/schema/buffer.js
238 silly gunzTarPerm modified mode [ 'lib/schema/buffer.js', 420, 438 ]
239 silly gunzTarPerm extractEntry lib/schema/date.js
240 silly gunzTarPerm modified mode [ 'lib/schema/date.js', 420, 438 ]
241 silly gunzTarPerm extractEntry lib/schema/documentarray.js
242 silly gunzTarPerm modified mode [ 'lib/schema/documentarray.js', 420, 438 ]
243 silly gunzTarPerm extractEntry lib/schema/index.js
244 silly gunzTarPerm modified mode [ 'lib/schema/index.js', 420, 438 ]
245 silly gunzTarPerm extractEntry lib/schema/mixed.js
246 silly gunzTarPerm modified mode [ 'lib/schema/mixed.js', 420, 438 ]
247 silly gunzTarPerm extractEntry lib/schema/number.js
248 silly gunzTarPerm modified mode [ 'lib/schema/number.js', 420, 438 ]
249 silly gunzTarPerm extractEntry lib/schema/objectid.js
250 silly gunzTarPerm modified mode [ 'lib/schema/objectid.js', 420, 438 ]
251 silly gunzTarPerm extractEntry lib/schema/string.js
252 silly gunzTarPerm modified mode [ 'lib/schema/string.js', 420, 438 ]
253 silly gunzTarPerm extractEntry lib/services/updateValidators.js
254 silly gunzTarPerm modified mode [ 'lib/services/updateValidators.js', 420, 438 ]
255 silly gunzTarPerm extractEntry lib/error/browserMissingSchema.js
256 silly gunzTarPerm modified mode [ 'lib/error/browserMissingSchema.js', 420, 438 ]
257 silly gunzTarPerm extractEntry lib/error/cast.js
258 silly gunzTarPerm modified mode [ 'lib/error/cast.js', 420, 438 ]
259 silly gunzTarPerm extractEntry lib/error/divergentArray.js
260 silly gunzTarPerm modified mode [ 'lib/error/divergentArray.js', 420, 438 ]
261 silly gunzTarPerm extractEntry lib/error/messages.js
262 silly gunzTarPerm modified mode [ 'lib/error/messages.js', 420, 438 ]
263 silly gunzTarPerm extractEntry lib/error/missingSchema.js
264 silly gunzTarPerm modified mode [ 'lib/error/missingSchema.js', 420, 438 ]
265 silly gunzTarPerm extractEntry lib/error/overwriteModel.js
266 silly gunzTarPerm modified mode [ 'lib/error/overwriteModel.js', 420, 438 ]
267 silly gunzTarPerm extractEntry lib/error/validation.js
268 silly gunzTarPerm modified mode [ 'lib/error/validation.js', 420, 438 ]
269 silly gunzTarPerm extractEntry lib/error/validator.js
270 silly gunzTarPerm modified mode [ 'lib/error/validator.js', 420, 438 ]
271 silly gunzTarPerm extractEntry lib/error/version.js
272 silly gunzTarPerm modified mode [ 'lib/error/version.js', 420, 438 ]
273 silly gunzTarPerm extractEntry lib/types/array.js
274 silly gunzTarPerm modified mode [ 'lib/types/array.js', 420, 438 ]
275 silly gunzTarPerm extractEntry lib/types/buffer.js
276 silly gunzTarPerm modified mode [ 'lib/types/buffer.js', 420, 438 ]
277 silly gunzTarPerm extractEntry lib/types/documentarray.js
278 silly gunzTarPerm modified mode [ 'lib/types/documentarray.js', 420, 438 ]
279 silly gunzTarPerm extractEntry lib/types/embedded.js
280 silly gunzTarPerm modified mode [ 'lib/types/embedded.js', 420, 438 ]
281 silly gunzTarPerm extractEntry lib/types/index.js
282 silly gunzTarPerm modified mode [ 'lib/types/index.js', 420, 438 ]
283 silly gunzTarPerm extractEntry lib/types/objectid.js
284 silly gunzTarPerm modified mode [ 'lib/types/objectid.js', 420, 438 ]
285 silly gunzTarPerm extractEntry lib/drivers/index.js
286 silly gunzTarPerm modified mode [ 'lib/drivers/index.js', 420, 438 ]
287 silly gunzTarPerm extractEntry lib/drivers/SPEC.md
288 silly gunzTarPerm modified mode [ 'lib/drivers/SPEC.md', 420, 438 ]
289 silly gunzTarPerm extractEntry lib/drivers/browser/ReadPreference.js
290 silly gunzTarPerm modified mode [ 'lib/drivers/browser/ReadPreference.js', 420, 438 ]
291 silly gunzTarPerm extractEntry lib/drivers/browser/binary.js
292 silly gunzTarPerm modified mode [ 'lib/drivers/browser/binary.js', 420, 438 ]
293 silly gunzTarPerm extractEntry lib/drivers/browser/index.js
294 silly gunzTarPerm modified mode [ 'lib/drivers/browser/index.js', 420, 438 ]
295 silly gunzTarPerm extractEntry lib/drivers/browser/objectid.js
296 silly gunzTarPerm modified mode [ 'lib/drivers/browser/objectid.js', 420, 438 ]
297 silly gunzTarPerm extractEntry lib/drivers/node-mongodb-native/ReadPreference.js
298 silly gunzTarPerm modified mode [ 'lib/drivers/node-mongodb-native/ReadPreference.js', 420, 438 ]
299 silly gunzTarPerm extractEntry lib/drivers/node-mongodb-native/binary.js
300 silly gunzTarPerm modified mode [ 'lib/drivers/node-mongodb-native/binary.js', 420, 438 ]
301 silly gunzTarPerm extractEntry lib/drivers/node-mongodb-native/collection.js
302 silly gunzTarPerm modified mode [ 'lib/drivers/node-mongodb-native/collection.js', 420, 438 ]
303 silly gunzTarPerm extractEntry lib/drivers/node-mongodb-native/connection.js
304 silly gunzTarPerm modified mode [ 'lib/drivers/node-mongodb-native/connection.js', 420, 438 ]
305 silly gunzTarPerm extractEntry lib/drivers/node-mongodb-native/index.js
306 silly gunzTarPerm modified mode [ 'lib/drivers/node-mongodb-native/index.js', 420, 438 ]
307 silly gunzTarPerm extractEntry lib/drivers/node-mongodb-native/objectid.js
308 silly gunzTarPerm modified mode [ 'lib/drivers/node-mongodb-native/objectid.js', 420, 438 ]
309 silly gunzTarPerm extractEntry CONTRIBUTING.md
310 silly gunzTarPerm modified mode [ 'CONTRIBUTING.md', 420, 438 ]
311 silly gunzTarPerm extractEntry release-items.md
312 silly gunzTarPerm modified mode [ 'release-items.md', 420, 438 ]
313 silly gunzTarPerm extractEntry History.md
314 silly gunzTarPerm modified mode [ 'History.md', 420, 438 ]
315 verbose write writing to C:\ReachTarget\node_modules\mongoose\package.json
316 info preinstall mongoose@4.1.3
317 verbose readDependencies loading dependencies from C:\ReachTarget\node_modules\mongoose\package.json
318 silly prepareForInstallMany adding async@0.9.0 from mongoose dependencies
319 silly prepareForInstallMany adding bson@~0.4 from mongoose dependencies
320 silly prepareForInstallMany adding hooks-fixed@1.1.0 from mongoose dependencies
321 silly prepareForInstallMany adding kareem@1.0.1 from mongoose dependencies
322 silly prepareForInstallMany adding mongodb@2.0.40 from mongoose dependencies
323 silly prepareForInstallMany adding mpath@0.1.1 from mongoose dependencies
324 silly prepareForInstallMany adding mpromise@0.5.4 from mongoose dependencies
325 silly prepareForInstallMany adding mquery@1.6.1 from mongoose dependencies
326 silly prepareForInstallMany adding ms@0.1.0 from mongoose dependencies
327 silly prepareForInstallMany adding muri@1.0.0 from mongoose dependencies
328 silly prepareForInstallMany adding regexp-clone@0.0.1 from mongoose dependencies
329 silly prepareForInstallMany adding sliced@0.0.5 from mongoose dependencies
330 verbose readDependencies loading dependencies from C:\ReachTarget\node_modules\mongoose\package.json
331 silly cache add args [ 'bson@~0.4', null ]
332 verbose cache add spec bson@~0.4
333 silly cache add parsed spec { raw: 'bson@~0.4',
333 silly cache add   scope: null,
333 silly cache add   name: 'bson',
333 silly cache add   rawSpec: '~0.4',
333 silly cache add   spec: '>=0.4.0 <0.5.0',
333 silly cache add   type: 'range' }
334 silly addNamed bson@>=0.4.0 <0.5.0
335 verbose addNamed ">=0.4.0 <0.5.0" is a valid semver range for bson
336 silly addNameRange { name: 'bson', range: '>=0.4.0 <0.5.0', hasData: false }
337 silly mapToRegistry name bson
338 silly mapToRegistry using default registry
339 silly mapToRegistry registry https://registry.npmjs.org/
340 silly mapToRegistry uri https://registry.npmjs.org/bson
341 verbose addNameRange registry:https://registry.npmjs.org/bson not in flight; fetching
342 silly cache add args [ 'hooks-fixed@1.1.0', null ]
343 verbose cache add spec hooks-fixed@1.1.0
344 silly cache add parsed spec { raw: 'hooks-fixed@1.1.0',
344 silly cache add   scope: null,
344 silly cache add   name: 'hooks-fixed',
344 silly cache add   rawSpec: '1.1.0',
344 silly cache add   spec: '1.1.0',
344 silly cache add   type: 'version' }
345 silly addNamed hooks-fixed@1.1.0
346 verbose addNamed "1.1.0" is a plain semver version for hooks-fixed
347 silly mapToRegistry name hooks-fixed
348 silly mapToRegistry using default registry
349 silly mapToRegistry registry https://registry.npmjs.org/
350 silly mapToRegistry uri https://registry.npmjs.org/hooks-fixed
351 verbose addNameVersion registry:https://registry.npmjs.org/hooks-fixed not in flight; fetching
352 silly cache add args [ 'kareem@1.0.1', null ]
353 verbose cache add spec kareem@1.0.1
354 silly cache add parsed spec { raw: 'kareem@1.0.1',
354 silly cache add   scope: null,
354 silly cache add   name: 'kareem',
354 silly cache add   rawSpec: '1.0.1',
354 silly cache add   spec: '1.0.1',
354 silly cache add   type: 'version' }
355 silly addNamed kareem@1.0.1
356 verbose addNamed "1.0.1" is a plain semver version for kareem
357 silly mapToRegistry name kareem
358 silly mapToRegistry using default registry
359 silly mapToRegistry registry https://registry.npmjs.org/
360 silly mapToRegistry uri https://registry.npmjs.org/kareem
361 verbose addNameVersion registry:https://registry.npmjs.org/kareem not in flight; fetching
362 silly cache add args [ 'mongodb@2.0.40', null ]
363 verbose cache add spec mongodb@2.0.40
364 silly cache add parsed spec { raw: 'mongodb@2.0.40',
364 silly cache add   scope: null,
364 silly cache add   name: 'mongodb',
364 silly cache add   rawSpec: '2.0.40',
364 silly cache add   spec: '2.0.40',
364 silly cache add   type: 'version' }
365 silly addNamed mongodb@2.0.40
366 verbose addNamed "2.0.40" is a plain semver version for mongodb
367 silly mapToRegistry name mongodb
368 silly mapToRegistry using default registry
369 silly mapToRegistry registry https://registry.npmjs.org/
370 silly mapToRegistry uri https://registry.npmjs.org/mongodb
371 verbose addNameVersion registry:https://registry.npmjs.org/mongodb not in flight; fetching
372 silly cache add args [ 'mpath@0.1.1', null ]
373 verbose cache add spec mpath@0.1.1
374 silly cache add parsed spec { raw: 'mpath@0.1.1',
374 silly cache add   scope: null,
374 silly cache add   name: 'mpath',
374 silly cache add   rawSpec: '0.1.1',
374 silly cache add   spec: '0.1.1',
374 silly cache add   type: 'version' }
375 silly addNamed mpath@0.1.1
376 verbose addNamed "0.1.1" is a plain semver version for mpath
377 silly mapToRegistry name mpath
378 silly mapToRegistry using default registry
379 silly mapToRegistry registry https://registry.npmjs.org/
380 silly mapToRegistry uri https://registry.npmjs.org/mpath
381 verbose addNameVersion registry:https://registry.npmjs.org/mpath not in flight; fetching
382 silly cache add args [ 'mpromise@0.5.4', null ]
383 verbose cache add spec mpromise@0.5.4
384 silly cache add parsed spec { raw: 'mpromise@0.5.4',
384 silly cache add   scope: null,
384 silly cache add   name: 'mpromise',
384 silly cache add   rawSpec: '0.5.4',
384 silly cache add   spec: '0.5.4',
384 silly cache add   type: 'version' }
385 silly addNamed mpromise@0.5.4
386 verbose addNamed "0.5.4" is a plain semver version for mpromise
387 silly mapToRegistry name mpromise
388 silly mapToRegistry using default registry
389 silly mapToRegistry registry https://registry.npmjs.org/
390 silly mapToRegistry uri https://registry.npmjs.org/mpromise
391 verbose addNameVersion registry:https://registry.npmjs.org/mpromise not in flight; fetching
392 silly cache add args [ 'mquery@1.6.1', null ]
393 verbose cache add spec mquery@1.6.1
394 silly cache add parsed spec { raw: 'mquery@1.6.1',
394 silly cache add   scope: null,
394 silly cache add   name: 'mquery',
394 silly cache add   rawSpec: '1.6.1',
394 silly cache add   spec: '1.6.1',
394 silly cache add   type: 'version' }
395 silly addNamed mquery@1.6.1
396 verbose addNamed "1.6.1" is a plain semver version for mquery
397 silly mapToRegistry name mquery
398 silly mapToRegistry using default registry
399 silly mapToRegistry registry https://registry.npmjs.org/
400 silly mapToRegistry uri https://registry.npmjs.org/mquery
401 verbose addNameVersion registry:https://registry.npmjs.org/mquery not in flight; fetching
402 silly cache add args [ 'ms@0.1.0', null ]
403 verbose cache add spec ms@0.1.0
404 silly cache add parsed spec { raw: 'ms@0.1.0',
404 silly cache add   scope: null,
404 silly cache add   name: 'ms',
404 silly cache add   rawSpec: '0.1.0',
404 silly cache add   spec: '0.1.0',
404 silly cache add   type: 'version' }
405 silly addNamed ms@0.1.0
406 verbose addNamed "0.1.0" is a plain semver version for ms
407 silly mapToRegistry name ms
408 silly mapToRegistry using default registry
409 silly mapToRegistry registry https://registry.npmjs.org/
410 silly mapToRegistry uri https://registry.npmjs.org/ms
411 verbose addNameVersion registry:https://registry.npmjs.org/ms not in flight; fetching
412 silly cache add args [ 'muri@1.0.0', null ]
413 verbose cache add spec muri@1.0.0
414 silly cache add parsed spec { raw: 'muri@1.0.0',
414 silly cache add   scope: null,
414 silly cache add   name: 'muri',
414 silly cache add   rawSpec: '1.0.0',
414 silly cache add   spec: '1.0.0',
414 silly cache add   type: 'version' }
415 silly addNamed muri@1.0.0
416 verbose addNamed "1.0.0" is a plain semver version for muri
417 silly mapToRegistry name muri
418 silly mapToRegistry using default registry
419 silly mapToRegistry registry https://registry.npmjs.org/
420 silly mapToRegistry uri https://registry.npmjs.org/muri
421 verbose addNameVersion registry:https://registry.npmjs.org/muri not in flight; fetching
422 silly cache add args [ 'regexp-clone@0.0.1', null ]
423 verbose cache add spec regexp-clone@0.0.1
424 silly cache add parsed spec { raw: 'regexp-clone@0.0.1',
424 silly cache add   scope: null,
424 silly cache add   name: 'regexp-clone',
424 silly cache add   rawSpec: '0.0.1',
424 silly cache add   spec: '0.0.1',
424 silly cache add   type: 'version' }
425 silly addNamed regexp-clone@0.0.1
426 verbose addNamed "0.0.1" is a plain semver version for regexp-clone
427 silly mapToRegistry name regexp-clone
428 silly mapToRegistry using default registry
429 silly mapToRegistry registry https://registry.npmjs.org/
430 silly mapToRegistry uri https://registry.npmjs.org/regexp-clone
431 verbose addNameVersion registry:https://registry.npmjs.org/regexp-clone not in flight; fetching
432 silly cache add args [ 'sliced@0.0.5', null ]
433 verbose cache add spec sliced@0.0.5
434 silly cache add parsed spec { raw: 'sliced@0.0.5',
434 silly cache add   scope: null,
434 silly cache add   name: 'sliced',
434 silly cache add   rawSpec: '0.0.5',
434 silly cache add   spec: '0.0.5',
434 silly cache add   type: 'version' }
435 silly addNamed sliced@0.0.5
436 verbose addNamed "0.0.5" is a plain semver version for sliced
437 silly mapToRegistry name sliced
438 silly mapToRegistry using default registry
439 silly mapToRegistry registry https://registry.npmjs.org/
440 silly mapToRegistry uri https://registry.npmjs.org/sliced
441 verbose addNameVersion registry:https://registry.npmjs.org/sliced not in flight; fetching
442 silly cache add args [ 'async@0.9.0', null ]
443 verbose cache add spec async@0.9.0
444 silly cache add parsed spec { raw: 'async@0.9.0',
444 silly cache add   scope: null,
444 silly cache add   name: 'async',
444 silly cache add   rawSpec: '0.9.0',
444 silly cache add   spec: '0.9.0',
444 silly cache add   type: 'version' }
445 silly addNamed async@0.9.0
446 verbose addNamed "0.9.0" is a plain semver version for async
447 silly mapToRegistry name async
448 silly mapToRegistry using default registry
449 silly mapToRegistry registry https://registry.npmjs.org/
450 silly mapToRegistry uri https://registry.npmjs.org/async
451 verbose addNameVersion registry:https://registry.npmjs.org/async not in flight; fetching
452 verbose request uri https://registry.npmjs.org/mongodb
453 verbose request no auth needed
454 info attempt registry request try #1 at 15:39:35
455 http request GET https://registry.npmjs.org/mongodb
456 verbose request uri https://registry.npmjs.org/bson
457 verbose request no auth needed
458 info attempt registry request try #1 at 15:39:35
459 verbose etag "6L7P5O92UPN66RXSPMPB15ZP6"
460 http request GET https://registry.npmjs.org/bson
461 verbose request uri https://registry.npmjs.org/hooks-fixed
462 verbose request no auth needed
463 info attempt registry request try #1 at 15:39:35
464 verbose etag "5KWV632EB100U5W66OHCXX096"
465 http request GET https://registry.npmjs.org/hooks-fixed
466 verbose request uri https://registry.npmjs.org/kareem
467 verbose request no auth needed
468 info attempt registry request try #1 at 15:39:35
469 verbose etag "AQWEXTO0G7A7EGL9ZWLMUZ0VM"
470 http request GET https://registry.npmjs.org/kareem
471 verbose request uri https://registry.npmjs.org/mpath
472 verbose request no auth needed
473 info attempt registry request try #1 at 15:39:35
474 verbose etag "8VGEN5FE9IYOQF0E94BS4YBYQ"
475 http request GET https://registry.npmjs.org/mpath
476 verbose request uri https://registry.npmjs.org/mpromise
477 verbose request no auth needed
478 info attempt registry request try #1 at 15:39:35
479 verbose etag "ANP2S12BAVZ9XZPOEVBCCO9YG"
480 http request GET https://registry.npmjs.org/mpromise
481 verbose request uri https://registry.npmjs.org/ms
482 verbose request no auth needed
483 info attempt registry request try #1 at 15:39:35
484 verbose etag "424X2DEQTCX34GV3Q8X3121YB"
485 http request GET https://registry.npmjs.org/ms
486 verbose request uri https://registry.npmjs.org/muri
487 verbose request no auth needed
488 info attempt registry request try #1 at 15:39:35
489 verbose etag "1A8HZR3VWLZ26QA17AQVL78FR"
490 http request GET https://registry.npmjs.org/muri
491 verbose request uri https://registry.npmjs.org/regexp-clone
492 verbose request no auth needed
493 info attempt registry request try #1 at 15:39:35
494 verbose etag "AMGTX5SC3OTT0F8UOW43HZ5FK"
495 http request GET https://registry.npmjs.org/regexp-clone
496 verbose request uri https://registry.npmjs.org/mquery
497 verbose request no auth needed
498 info attempt registry request try #1 at 15:39:35
499 verbose etag "73VBBT9H4BA6QE1ZRIL3RC2WB"
500 http request GET https://registry.npmjs.org/mquery
501 verbose request uri https://registry.npmjs.org/sliced
502 verbose request no auth needed
503 info attempt registry request try #1 at 15:39:35
504 verbose etag "4RD78TLZXLYX6OV7FJHI1KADG"
505 http request GET https://registry.npmjs.org/sliced
506 verbose request uri https://registry.npmjs.org/async
507 verbose request no auth needed
508 info attempt registry request try #1 at 15:39:35
509 verbose etag "1NICJF3SF6JBGXTWYW8P2H6M4"
510 http request GET https://registry.npmjs.org/async
511 info retry will retry, error on last attempt: Error: getaddrinfo ENOTFOUND registry.npmjs.org
512 info retry will retry, error on last attempt: Error: getaddrinfo ENOENT
513 info retry will retry, error on last attempt: Error: getaddrinfo ENOENT
514 info retry will retry, error on last attempt: Error: getaddrinfo ENOENT
515 info retry will retry, error on last attempt: Error: getaddrinfo ENOENT
516 info retry will retry, error on last attempt: Error: getaddrinfo ENOENT
517 info retry will retry, error on last attempt: Error: getaddrinfo ENOENT
518 info retry will retry, error on last attempt: Error: getaddrinfo ENOENT
519 info retry will retry, error on last attempt: Error: getaddrinfo ENOENT
520 info retry will retry, error on last attempt: Error: getaddrinfo ENOTFOUND registry.npmjs.org
521 info retry will retry, error on last attempt: Error: getaddrinfo ENOTFOUND registry.npmjs.org
522 info retry will retry, error on last attempt: Error: getaddrinfo ENOTFOUND registry.npmjs.org
523 info attempt registry request try #2 at 15:39:57
524 http request GET https://registry.npmjs.org/mongodb
525 info retry will retry, error on last attempt: Error: getaddrinfo ENOENT
526 info attempt registry request try #2 at 15:39:57
527 verbose etag "8VGEN5FE9IYOQF0E94BS4YBYQ"
528 http request GET https://registry.npmjs.org/mpath
529 info attempt registry request try #2 at 15:39:57
530 verbose etag "ANP2S12BAVZ9XZPOEVBCCO9YG"
531 http request GET https://registry.npmjs.org/mpromise
532 info attempt registry request try #2 at 15:39:57
533 verbose etag "424X2DEQTCX34GV3Q8X3121YB"
534 http request GET https://registry.npmjs.org/ms
535 info attempt registry request try #2 at 15:39:57
536 verbose etag "1A8HZR3VWLZ26QA17AQVL78FR"
537 http request GET https://registry.npmjs.org/muri
538 info attempt registry request try #2 at 15:39:57
539 verbose etag "AMGTX5SC3OTT0F8UOW43HZ5FK"
540 http request GET https://registry.npmjs.org/regexp-clone
541 info attempt registry request try #2 at 15:39:57
542 verbose etag "73VBBT9H4BA6QE1ZRIL3RC2WB"
543 http request GET https://registry.npmjs.org/mquery
544 info attempt registry request try #2 at 15:39:57
545 verbose etag "4RD78TLZXLYX6OV7FJHI1KADG"
546 http request GET https://registry.npmjs.org/sliced
547 info attempt registry request try #2 at 15:39:57
548 verbose etag "1NICJF3SF6JBGXTWYW8P2H6M4"
549 http request GET https://registry.npmjs.org/async
550 info attempt registry request try #2 at 15:39:57
551 verbose etag "6L7P5O92UPN66RXSPMPB15ZP6"
552 http request GET https://registry.npmjs.org/bson
553 info attempt registry request try #2 at 15:39:57
554 verbose etag "5KWV632EB100U5W66OHCXX096"
555 http request GET https://registry.npmjs.org/hooks-fixed
556 info attempt registry request try #2 at 15:39:57
557 verbose etag "AQWEXTO0G7A7EGL9ZWLMUZ0VM"
558 http request GET https://registry.npmjs.org/kareem
559 info retry will retry, error on last attempt: Error: getaddrinfo ENOENT
560 info retry will retry, error on last attempt: Error: getaddrinfo ENOENT
561 info retry will retry, error on last attempt: Error: getaddrinfo ENOENT
562 info retry will retry, error on last attempt: Error: getaddrinfo ENOENT
563 info retry will retry, error on last attempt: Error: getaddrinfo ENOENT
564 info retry will retry, error on last attempt: Error: getaddrinfo ENOENT
565 info retry will retry, error on last attempt: Error: getaddrinfo ENOENT
566 info retry will retry, error on last attempt: Error: getaddrinfo ENOENT
567 info retry will retry, error on last attempt: Error: getaddrinfo ENOENT
568 info retry will retry, error on last attempt: Error: getaddrinfo ENOENT
569 info retry will retry, error on last attempt: Error: getaddrinfo ENOENT
570 info attempt registry request try #3 at 15:40:57
571 http request GET https://registry.npmjs.org/mongodb
572 info attempt registry request try #3 at 15:40:57
573 verbose etag "8VGEN5FE9IYOQF0E94BS4YBYQ"
574 http request GET https://registry.npmjs.org/mpath
575 info attempt registry request try #3 at 15:40:57
576 verbose etag "ANP2S12BAVZ9XZPOEVBCCO9YG"
577 http request GET https://registry.npmjs.org/mpromise
578 info attempt registry request try #3 at 15:40:57
579 verbose etag "424X2DEQTCX34GV3Q8X3121YB"
580 http request GET https://registry.npmjs.org/ms
581 info attempt registry request try #3 at 15:40:57
582 verbose etag "1A8HZR3VWLZ26QA17AQVL78FR"
583 http request GET https://registry.npmjs.org/muri
584 info attempt registry request try #3 at 15:40:57
585 verbose etag "AMGTX5SC3OTT0F8UOW43HZ5FK"
586 http request GET https://registry.npmjs.org/regexp-clone
587 info attempt registry request try #3 at 15:40:57
588 verbose etag "73VBBT9H4BA6QE1ZRIL3RC2WB"
589 http request GET https://registry.npmjs.org/mquery
590 info attempt registry request try #3 at 15:40:57
591 verbose etag "4RD78TLZXLYX6OV7FJHI1KADG"
592 http request GET https://registry.npmjs.org/sliced
593 info attempt registry request try #3 at 15:40:57
594 verbose etag "1NICJF3SF6JBGXTWYW8P2H6M4"
595 http request GET https://registry.npmjs.org/async
596 info attempt registry request try #3 at 15:40:57
597 verbose etag "6L7P5O92UPN66RXSPMPB15ZP6"
598 http request GET https://registry.npmjs.org/bson
599 info attempt registry request try #3 at 15:40:57
600 verbose etag "5KWV632EB100U5W66OHCXX096"
601 http request GET https://registry.npmjs.org/hooks-fixed
602 silly get cb [ 304, undefined ]
603 verbose etag https://registry.npmjs.org/mpath from cache
604 verbose get saving mpath to C:\Users\Henrique Machado\AppData\Roaming\npm-cache\registry.npmjs.org\mpath\.cache.json
605 silly get cb [ 304, undefined ]
606 verbose etag https://registry.npmjs.org/mpromise from cache
607 verbose get saving mpromise to C:\Users\Henrique Machado\AppData\Roaming\npm-cache\registry.npmjs.org\mpromise\.cache.json
608 info attempt registry request try #3 at 15:40:57
609 verbose etag "AQWEXTO0G7A7EGL9ZWLMUZ0VM"
610 http request GET https://registry.npmjs.org/kareem
611 silly get cb [ 304, undefined ]
612 verbose etag https://registry.npmjs.org/ms from cache
613 verbose get saving ms to C:\Users\Henrique Machado\AppData\Roaming\npm-cache\registry.npmjs.org\ms\.cache.json
614 silly get cb [ 304, undefined ]
615 verbose etag https://registry.npmjs.org/muri from cache
616 verbose get saving muri to C:\Users\Henrique Machado\AppData\Roaming\npm-cache\registry.npmjs.org\muri\.cache.json
617 silly get cb [ 304, undefined ]
618 verbose etag https://registry.npmjs.org/regexp-clone from cache
619 verbose get saving regexp-clone to C:\Users\Henrique Machado\AppData\Roaming\npm-cache\registry.npmjs.org\regexp-clone\.cache.json
620 silly get cb [ 304, undefined ]
621 verbose etag https://registry.npmjs.org/mquery from cache
622 verbose get saving mquery to C:\Users\Henrique Machado\AppData\Roaming\npm-cache\registry.npmjs.org\mquery\.cache.json
623 silly get cb [ 304, undefined ]
624 verbose etag https://registry.npmjs.org/sliced from cache
625 verbose get saving sliced to C:\Users\Henrique Machado\AppData\Roaming\npm-cache\registry.npmjs.org\sliced\.cache.json
626 silly get cb [ 304, undefined ]
627 verbose etag https://registry.npmjs.org/async from cache
628 verbose get saving async to C:\Users\Henrique Machado\AppData\Roaming\npm-cache\registry.npmjs.org\async\.cache.json
629 silly get cb [ 304, undefined ]
630 verbose etag https://registry.npmjs.org/bson from cache
631 verbose get saving bson to C:\Users\Henrique Machado\AppData\Roaming\npm-cache\registry.npmjs.org\bson\.cache.json
632 silly get cb [ 304, undefined ]
633 verbose etag https://registry.npmjs.org/hooks-fixed from cache
634 verbose get saving hooks-fixed to C:\Users\Henrique Machado\AppData\Roaming\npm-cache\registry.npmjs.org\hooks-fixed\.cache.json
635 silly get cb [ 304, undefined ]
636 verbose etag https://registry.npmjs.org/kareem from cache
637 verbose get saving kareem to C:\Users\Henrique Machado\AppData\Roaming\npm-cache\registry.npmjs.org\kareem\.cache.json
638 silly addNameRange number 2 { name: 'bson', range: '>=0.4.0 <0.5.0', hasData: true }
639 silly addNameRange versions [ 'bson',
639 silly addNameRange   [ '0.0.1',
639 silly addNameRange     '0.0.2',
639 silly addNameRange     '0.0.3',
639 silly addNameRange     '0.0.4',
639 silly addNameRange     '0.0.5',
639 silly addNameRange     '0.0.6',
639 silly addNameRange     '0.0.7',
639 silly addNameRange     '0.0.8',
639 silly addNameRange     '0.0.9',
639 silly addNameRange     '0.1.0',
639 silly addNameRange     '0.1.1',
639 silly addNameRange     '0.1.3',
639 silly addNameRange     '0.1.4',
639 silly addNameRange     '0.1.5',
639 silly addNameRange     '0.1.6',
639 silly addNameRange     '0.1.7',
639 silly addNameRange     '0.1.8',
639 silly addNameRange     '0.1.9',
639 silly addNameRange     '0.2.0',
639 silly addNameRange     '0.2.1',
639 silly addNameRange     '0.2.2',
639 silly addNameRange     '0.2.3',
639 silly addNameRange     '0.2.4',
639 silly addNameRange     '0.2.5',
639 silly addNameRange     '0.2.6',
639 silly addNameRange     '0.2.7',
639 silly addNameRange     '0.2.8',
639 silly addNameRange     '0.2.9',
639 silly addNameRange     '0.2.10',
639 silly addNameRange     '0.2.11',
639 silly addNameRange     '0.2.12',
639 silly addNameRange     '0.2.13',
639 silly addNameRange     '0.2.14',
639 silly addNameRange     '0.2.15',
639 silly addNameRange     '0.2.16',
639 silly addNameRange     '0.2.17',
639 silly addNameRange     '0.2.18',
639 silly addNameRange     '0.2.19',
639 silly addNameRange     '0.2.20',
639 silly addNameRange     '0.2.21',
639 silly addNameRange     '0.3.0',
639 silly addNameRange     '0.3.1',
639 silly addNameRange     '0.3.2',
639 silly addNameRange     '0.4.0',
639 silly addNameRange     '0.4.1',
639 silly addNameRange     '0.4.2',
639 silly addNameRange     '0.4.3',
639 silly addNameRange     '0.4.4',
639 silly addNameRange     '0.4.5',
639 silly addNameRange     '0.4.6',
639 silly addNameRange     '0.4.7',
639 silly addNameRange     '0.4.8',
639 silly addNameRange     '0.2.22',
639 silly addNameRange     '0.4.10',
639 silly addNameRange     '0.4.11' ] ]
640 silly addNamed bson@0.4.11
641 verbose addNamed "0.4.11" is a plain semver version for bson
642 silly cache afterAdd ms@0.1.0
643 verbose afterAdd C:\Users\Henrique Machado\AppData\Roaming\npm-cache\ms\0.1.0\package\package.json not in flight; writing
644 silly cache afterAdd mpath@0.1.1
645 verbose afterAdd C:\Users\Henrique Machado\AppData\Roaming\npm-cache\mpath\0.1.1\package\package.json not in flight; writing
646 silly cache afterAdd regexp-clone@0.0.1
647 verbose afterAdd C:\Users\Henrique Machado\AppData\Roaming\npm-cache\regexp-clone\0.0.1\package\package.json not in flight; writing
648 silly cache afterAdd mquery@1.6.1
649 verbose afterAdd C:\Users\Henrique Machado\AppData\Roaming\npm-cache\mquery\1.6.1\package\package.json not in flight; writing
650 silly cache afterAdd sliced@0.0.5
651 verbose afterAdd C:\Users\Henrique Machado\AppData\Roaming\npm-cache\sliced\0.0.5\package\package.json not in flight; writing
652 silly cache afterAdd async@0.9.0
653 verbose afterAdd C:\Users\Henrique Machado\AppData\Roaming\npm-cache\async\0.9.0\package\package.json not in flight; writing
654 silly cache afterAdd bson@0.4.11
655 verbose afterAdd C:\Users\Henrique Machado\AppData\Roaming\npm-cache\bson\0.4.11\package\package.json not in flight; writing
656 silly cache afterAdd hooks-fixed@1.1.0
657 verbose afterAdd C:\Users\Henrique Machado\AppData\Roaming\npm-cache\hooks-fixed\1.1.0\package\package.json not in flight; writing
658 silly cache afterAdd mpromise@0.5.4
659 verbose afterAdd C:\Users\Henrique Machado\AppData\Roaming\npm-cache\mpromise\0.5.4\package\package.json not in flight; writing
660 silly cache afterAdd kareem@1.0.1
661 verbose afterAdd C:\Users\Henrique Machado\AppData\Roaming\npm-cache\kareem\1.0.1\package\package.json not in flight; writing
662 silly cache afterAdd muri@1.0.0
663 verbose afterAdd C:\Users\Henrique Machado\AppData\Roaming\npm-cache\muri\1.0.0\package\package.json not in flight; writing
664 verbose afterAdd C:\Users\Henrique Machado\AppData\Roaming\npm-cache\ms\0.1.0\package\package.json written
665 verbose afterAdd C:\Users\Henrique Machado\AppData\Roaming\npm-cache\mpath\0.1.1\package\package.json written
666 verbose afterAdd C:\Users\Henrique Machado\AppData\Roaming\npm-cache\regexp-clone\0.0.1\package\package.json written
667 verbose afterAdd C:\Users\Henrique Machado\AppData\Roaming\npm-cache\mquery\1.6.1\package\package.json written
668 verbose afterAdd C:\Users\Henrique Machado\AppData\Roaming\npm-cache\sliced\0.0.5\package\package.json written
669 verbose afterAdd C:\Users\Henrique Machado\AppData\Roaming\npm-cache\async\0.9.0\package\package.json written
670 verbose afterAdd C:\Users\Henrique Machado\AppData\Roaming\npm-cache\hooks-fixed\1.1.0\package\package.json written
671 verbose afterAdd C:\Users\Henrique Machado\AppData\Roaming\npm-cache\bson\0.4.11\package\package.json written
672 verbose afterAdd C:\Users\Henrique Machado\AppData\Roaming\npm-cache\mpromise\0.5.4\package\package.json written
673 verbose afterAdd C:\Users\Henrique Machado\AppData\Roaming\npm-cache\muri\1.0.0\package\package.json written
674 verbose afterAdd C:\Users\Henrique Machado\AppData\Roaming\npm-cache\kareem\1.0.1\package\package.json written
675 verbose about to build C:\ReachTarget\node_modules\mongoose
676 verbose unlock done using C:\Users\Henrique Machado\AppData\Roaming\npm-cache\_locks\mongoose-b45f398e3ab2a364.lock for C:\ReachTarget\node_modules\mongoose
677 verbose stack Error: getaddrinfo ENOENT
677 verbose stack     at Object.exports._errnoException (util.js:746:11)
677 verbose stack     at errnoException (dns.js:49:15)
677 verbose stack     at GetAddrInfoReqWrap.onlookup [as oncomplete] (dns.js:94:26)
678 verbose cwd C:\ReachTarget
679 error Windows_NT 6.1.7601
680 error argv "C:\\Program Files\\nodejs\\\\node.exe" "C:\\Program Files\\nodejs\\node_modules\\npm\\bin\\npm-cli.js" "install" "mongoose"
681 error node v0.12.7
682 error npm  v2.11.3
683 error code ENOENT
684 error errno ENOENT
685 error syscall getaddrinfo
686 error enoent getaddrinfo ENOENT
686 error enoent This is most likely not a problem with npm itself
686 error enoent and is related to npm not being able to find a file.
687 verbose exit [ 1, true ]
688 verbose unbuild node_modules\mongoose
689 info preuninstall mongoose@4.1.3
690 info uninstall mongoose@4.1.3
691 verbose unbuild rmStuff mongoose@4.1.3 from C:\ReachTarget\node_modules
692 info postuninstall mongoose@4.1.3
693 silly gentlyRm C:\ReachTarget\node_modules\mongoose is being purged from base C:\ReachTarget
694 verbose gentlyRm don't care about contents; nuking C:\ReachTarget\node_modules\mongoose
695 silly vacuum-fs purging C:\ReachTarget\node_modules\mongoose
696 silly vacuum-fs quitting because other entries in C:\ReachTarget\node_modules
